<?xml version="1.0" encoding="UTF-8"?>
<testsuite xmlns:xsi="http://www.w3.org/2001/XMLSchema-instance" xsi:noNamespaceSchemaLocation="https://maven.apache.org/surefire/maven-surefire-plugin/xsd/surefire-test-report.xsd" name="com.niced.Day4Test" time="0.024" tests="6" errors="0" skipped="0" failures="0">
  <properties>
    <property name="java.specification.version" value="17"/>
    <property name="sun.jnu.encoding" value="UTF-8"/>
    <property name="java.class.path" value="/Users/dave.niceuk.ibm.com/Documents/development/advent-of-code2021/target/test-classes:/Users/dave.niceuk.ibm.com/Documents/development/advent-of-code2021/target/classes:/Users/dave.niceuk.ibm.com/.m2/repository/junit/junit/4.11/junit-4.11.jar:/Users/dave.niceuk.ibm.com/.m2/repository/org/hamcrest/hamcrest-core/1.3/hamcrest-core-1.3.jar:"/>
    <property name="java.vm.vendor" value="Homebrew"/>
    <property name="sun.arch.data.model" value="64"/>
    <property name="java.vendor.url" value="https://github.com/Homebrew/homebrew-core/issues"/>
    <property name="os.name" value="Mac OS X"/>
    <property name="java.vm.specification.version" value="17"/>
    <property name="sun.java.launcher" value="SUN_STANDARD"/>
    <property name="user.country" value="GB"/>
    <property name="sun.boot.library.path" value="/usr/local/Cellar/openjdk/17/libexec/openjdk.jdk/Contents/Home/lib"/>
    <property name="sun.java.command" value="/Users/dave.niceuk.ibm.com/Documents/development/advent-of-code2021/target/surefire/surefirebooter9603482948892250850.jar /Users/dave.niceuk.ibm.com/Documents/development/advent-of-code2021/target/surefire 2021-12-12T23-19-23_460-jvmRun1 surefire15763633104864948010tmp surefire_010068885009111860028tmp"/>
    <property name="jdk.debug" value="release"/>
    <property name="surefire.test.class.path" value="/Users/dave.niceuk.ibm.com/Documents/development/advent-of-code2021/target/test-classes:/Users/dave.niceuk.ibm.com/Documents/development/advent-of-code2021/target/classes:/Users/dave.niceuk.ibm.com/.m2/repository/junit/junit/4.11/junit-4.11.jar:/Users/dave.niceuk.ibm.com/.m2/repository/org/hamcrest/hamcrest-core/1.3/hamcrest-core-1.3.jar:"/>
    <property name="sun.cpu.endian" value="little"/>
    <property name="user.home" value="/Users/dave.niceuk.ibm.com"/>
    <property name="user.language" value="en"/>
    <property name="java.specification.vendor" value="Oracle Corporation"/>
    <property name="java.version.date" value="2021-09-14"/>
    <property name="java.home" value="/usr/local/Cellar/openjdk/17/libexec/openjdk.jdk/Contents/Home"/>
    <property name="file.separator" value="/"/>
    <property name="basedir" value="/Users/dave.niceuk.ibm.com/Documents/development/advent-of-code2021"/>
    <property name="java.vm.compressedOopsMode" value="Zero based"/>
    <property name="line.separator" value="&#10;"/>
    <property name="java.vm.specification.vendor" value="Oracle Corporation"/>
    <property name="java.specification.name" value="Java Platform API Specification"/>
    <property name="surefire.real.class.path" value="/Users/dave.niceuk.ibm.com/Documents/development/advent-of-code2021/target/surefire/surefirebooter9603482948892250850.jar"/>
    <property name="sun.management.compiler" value="HotSpot 64-Bit Tiered Compilers"/>
    <property name="java.runtime.version" value="17+0"/>
    <property name="user.name" value="dave.niceuk.ibm.com"/>
    <property name="path.separator" value=":"/>
    <property name="os.version" value="10.15.7"/>
    <property name="java.runtime.name" value="OpenJDK Runtime Environment"/>
    <property name="file.encoding" value="UTF-8"/>
    <property name="java.vm.name" value="OpenJDK 64-Bit Server VM"/>
    <property name="java.vendor.version" value="Homebrew"/>
    <property name="localRepository" value="/Users/dave.niceuk.ibm.com/.m2/repository"/>
    <property name="java.vendor.url.bug" value="https://github.com/Homebrew/homebrew-core/issues"/>
    <property name="java.io.tmpdir" value="/var/folders/s9/ztrtrj1n2vj0bzfx96zpnd1h0000gn/T/"/>
    <property name="java.version" value="17"/>
    <property name="user.dir" value="/Users/dave.niceuk.ibm.com/Documents/development/advent-of-code2021"/>
    <property name="os.arch" value="x86_64"/>
    <property name="java.vm.specification.name" value="Java Virtual Machine Specification"/>
    <property name="native.encoding" value="UTF-8"/>
    <property name="java.library.path" value="/Users/dave.niceuk.ibm.com/Library/Java/Extensions:/Library/Java/Extensions:/Network/Library/Java/Extensions:/System/Library/Java/Extensions:/usr/lib/java:."/>
    <property name="java.vm.info" value="mixed mode, sharing"/>
    <property name="java.vendor" value="Homebrew"/>
    <property name="java.vm.version" value="17+0"/>
    <property name="sun.io.unicode.encoding" value="UnicodeBig"/>
    <property name="java.class.version" value="61.0"/>
  </properties>
  <testcase name="testIsWinnerOnCol" classname="com.niced.Day4Test" time="0.002"/>
  <testcase name="testIsWinnerOnRow" classname="com.niced.Day4Test" time="0.001"/>
  <testcase name="testParse" classname="com.niced.Day4Test" time="0.001"/>
  <testcase name="testCall" classname="com.niced.Day4Test" time="0.002"/>
  <testcase name="testCode" classname="com.niced.Day4Test" time="0.002"/>
  <testcase name="getAnswer" classname="com.niced.Day4Test" time="0.016"/>
</testsuite>